{"/app/functions/src/config.ts": {"path":"/app/functions/src/config.ts","statementMap":{"0":{"start":{"line":1,"column":0},"end":{"line":1,"column":61}},"1":{"start":{"line":3,"column":13},"end":{"line":3,"column":103}},"2":{"start":{"line":5,"column":13},"end":{"line":7,"column":2}}},"fnMap":{},"branchMap":{},"s":{"0":4,"1":4,"2":4},"f":{},"b":{}}
,"/app/functions/src/csv.ts": {"path":"/app/functions/src/csv.ts","statementMap":{"0":{"start":{"line":1,"column":0},"end":{"line":1,"column":36}},"1":{"start":{"line":4,"column":27},"end":{"line":10,"column":1}},"2":{"start":{"line":5,"column":14},"end":{"line":8,"column":4}},"3":{"start":{"line":9,"column":2},"end":{"line":9,"column":13}},"4":{"start":{"line":4,"column":13},"end":{"line":4,"column":27}}},"fnMap":{"0":{"name":"(anonymous_0)","decl":{"start":{"line":4,"column":27},"end":{"line":4,"column":28}},"loc":{"start":{"line":4,"column":65},"end":{"line":10,"column":1}}}},"branchMap":{},"s":{"0":2,"1":2,"2":1,"3":1,"4":2},"f":{"0":1},"b":{}}
,"/app/functions/src/index.ts": {"path":"/app/functions/src/index.ts","statementMap":{"0":{"start":{"line":1,"column":0},"end":{"line":1,"column":48}},"1":{"start":{"line":2,"column":0},"end":{"line":2,"column":40}},"2":{"start":{"line":3,"column":0},"end":{"line":3,"column":45}},"3":{"start":{"line":4,"column":0},"end":{"line":4,"column":45}},"4":{"start":{"line":5,"column":0},"end":{"line":5,"column":43}},"5":{"start":{"line":6,"column":0},"end":{"line":6,"column":39}},"6":{"start":{"line":7,"column":0},"end":{"line":7,"column":34}},"7":{"start":{"line":9,"column":0},"end":{"line":9,"column":22}},"8":{"start":{"line":16,"column":30},"end":{"line":35,"column":1}},"9":{"start":{"line":17,"column":2},"end":{"line":17,"column":45}},"10":{"start":{"line":19,"column":2},"end":{"line":34,"column":3}},"11":{"start":{"line":20,"column":17},"end":{"line":20,"column":56}},"12":{"start":{"line":21,"column":4},"end":{"line":21,"column":68}},"13":{"start":{"line":23,"column":24},"end":{"line":23,"column":47}},"14":{"start":{"line":24,"column":4},"end":{"line":24,"column":52}},"15":{"start":{"line":26,"column":16},"end":{"line":26,"column":40}},"16":{"start":{"line":27,"column":4},"end":{"line":27,"column":39}},"17":{"start":{"line":29,"column":21},"end":{"line":29,"column":47}},"18":{"start":{"line":30,"column":4},"end":{"line":30,"column":44}},"19":{"start":{"line":32,"column":4},"end":{"line":32,"column":91}},"20":{"start":{"line":33,"column":4},"end":{"line":33,"column":16}},"21":{"start":{"line":16,"column":13},"end":{"line":16,"column":30}},"22":{"start":{"line":37,"column":0},"end":{"line":37,"column":54}},"23":{"start":{"line":42,"column":13},"end":{"line":44,"column":27}},"24":{"start":{"line":52,"column":13},"end":{"line":60,"column":3}},"25":{"start":{"line":53,"column":2},"end":{"line":59,"column":3}},"26":{"start":{"line":54,"column":4},"end":{"line":54,"column":27}},"27":{"start":{"line":55,"column":4},"end":{"line":55,"column":83}},"28":{"start":{"line":57,"column":4},"end":{"line":57,"column":61}},"29":{"start":{"line":58,"column":4},"end":{"line":58,"column":96}}},"fnMap":{"0":{"name":"(anonymous_0)","decl":{"start":{"line":16,"column":30},"end":{"line":16,"column":35}},"loc":{"start":{"line":16,"column":56},"end":{"line":35,"column":1}}},"1":{"name":"(anonymous_1)","decl":{"start":{"line":52,"column":29},"end":{"line":52,"column":34}},"loc":{"start":{"line":52,"column":57},"end":{"line":60,"column":1}}}},"branchMap":{},"s":{"0":1,"1":1,"2":1,"3":1,"4":1,"5":1,"6":1,"7":1,"8":1,"9":4,"10":4,"11":4,"12":2,"13":2,"14":2,"15":2,"16":2,"17":2,"18":2,"19":2,"20":2,"21":1,"22":1,"23":1,"24":1,"25":2,"26":2,"27":1,"28":1,"29":1},"f":{"0":4,"1":2},"b":{}}
,"/app/functions/src/parser.ts": {"path":"/app/functions/src/parser.ts","statementMap":{"0":{"start":{"line":2,"column":0},"end":{"line":2,"column":35}},"1":{"start":{"line":3,"column":0},"end":{"line":3,"column":24}},"2":{"start":{"line":5,"column":13},"end":{"line":10,"column":3}},"3":{"start":{"line":22,"column":33},"end":{"line":70,"column":1}},"4":{"start":{"line":23,"column":12},"end":{"line":23,"column":30}},"5":{"start":{"line":24,"column":42},"end":{"line":24,"column":44}},"6":{"start":{"line":28,"column":2},"end":{"line":34,"column":5}},"7":{"start":{"line":29,"column":18},"end":{"line":29,"column":33}},"8":{"start":{"line":30,"column":20},"end":{"line":30,"column":41}},"9":{"start":{"line":31,"column":4},"end":{"line":33,"column":5}},"10":{"start":{"line":32,"column":6},"end":{"line":32,"column":31}},"11":{"start":{"line":37,"column":2},"end":{"line":55,"column":3}},"12":{"start":{"line":38,"column":4},"end":{"line":54,"column":7}},"13":{"start":{"line":39,"column":22},"end":{"line":39,"column":39}},"14":{"start":{"line":41,"column":6},"end":{"line":53,"column":7}},"15":{"start":{"line":42,"column":21},"end":{"line":42,"column":48}},"16":{"start":{"line":43,"column":20},"end":{"line":43,"column":69}},"17":{"start":{"line":44,"column":27},"end":{"line":44,"column":54}},"18":{"start":{"line":45,"column":23},"end":{"line":45,"column":74}},"19":{"start":{"line":47,"column":8},"end":{"line":52,"column":11}},"20":{"start":{"line":57,"column":31},"end":{"line":66,"column":47}},"21":{"start":{"line":59,"column":31},"end":{"line":59,"column":69}},"22":{"start":{"line":60,"column":6},"end":{"line":63,"column":7}},"23":{"start":{"line":61,"column":8},"end":{"line":61,"column":109}},"24":{"start":{"line":62,"column":8},"end":{"line":62,"column":20}},"25":{"start":{"line":64,"column":6},"end":{"line":64,"column":35}},"26":{"start":{"line":66,"column":36},"end":{"line":66,"column":46}},"27":{"start":{"line":69,"column":2},"end":{"line":69,"column":30}},"28":{"start":{"line":22,"column":13},"end":{"line":22,"column":33}}},"fnMap":{"0":{"name":"(anonymous_0)","decl":{"start":{"line":22,"column":33},"end":{"line":22,"column":34}},"loc":{"start":{"line":22,"column":64},"end":{"line":70,"column":1}}},"1":{"name":"(anonymous_1)","decl":{"start":{"line":28,"column":28},"end":{"line":28,"column":29}},"loc":{"start":{"line":28,"column":48},"end":{"line":34,"column":3}}},"2":{"name":"(anonymous_2)","decl":{"start":{"line":38,"column":52},"end":{"line":38,"column":53}},"loc":{"start":{"line":38,"column":88},"end":{"line":54,"column":5}}},"3":{"name":"(anonymous_3)","decl":{"start":{"line":58,"column":9},"end":{"line":58,"column":10}},"loc":{"start":{"line":58,"column":24},"end":{"line":65,"column":5}}},"4":{"name":"(anonymous_4)","decl":{"start":{"line":66,"column":12},"end":{"line":66,"column":13}},"loc":{"start":{"line":66,"column":36},"end":{"line":66,"column":46}}}},"branchMap":{"0":{"loc":{"start":{"line":31,"column":4},"end":{"line":33,"column":5}},"type":"if","locations":[{"start":{"line":31,"column":4},"end":{"line":33,"column":5}}]},"1":{"loc":{"start":{"line":37,"column":2},"end":{"line":55,"column":3}},"type":"if","locations":[{"start":{"line":37,"column":2},"end":{"line":55,"column":3}}]},"2":{"loc":{"start":{"line":41,"column":6},"end":{"line":53,"column":7}},"type":"if","locations":[{"start":{"line":41,"column":6},"end":{"line":53,"column":7}}]},"3":{"loc":{"start":{"line":43,"column":20},"end":{"line":43,"column":69}},"type":"binary-expr","locations":[{"start":{"line":43,"column":20},"end":{"line":43,"column":61}},{"start":{"line":43,"column":65},"end":{"line":43,"column":69}}]},"4":{"loc":{"start":{"line":60,"column":6},"end":{"line":63,"column":7}},"type":"if","locations":[{"start":{"line":60,"column":6},"end":{"line":63,"column":7}}]}},"s":{"0":2,"1":2,"2":2,"3":2,"4":3,"5":3,"6":3,"7":8,"8":8,"9":8,"10":2,"11":3,"12":2,"13":27,"14":27,"15":26,"16":26,"17":26,"18":26,"19":26,"20":3,"21":26,"22":26,"23":2,"24":2,"25":24,"26":26,"27":3,"28":2},"f":{"0":3,"1":8,"2":27,"3":26,"4":26},"b":{"0":[2],"1":[2],"2":[26],"3":[26,1],"4":[2]}}
,"/app/functions/src/scraper.ts": {"path":"/app/functions/src/scraper.ts","statementMap":{"0":{"start":{"line":3,"column":0},"end":{"line":3,"column":7}},"1":{"start":{"line":1,"column":0},"end":{"line":1,"column":26}},"2":{"start":{"line":4,"column":2},"end":{"line":15,"column":3}},"3":{"start":{"line":5,"column":21},"end":{"line":10,"column":6}},"4":{"start":{"line":11,"column":4},"end":{"line":11,"column":25}},"5":{"start":{"line":13,"column":4},"end":{"line":13,"column":61}},"6":{"start":{"line":14,"column":4},"end":{"line":14,"column":16}}},"fnMap":{"0":{"name":"fetchWikipediaHTML","decl":{"start":{"line":3,"column":22},"end":{"line":3,"column":40}},"loc":{"start":{"line":3,"column":52},"end":{"line":16,"column":1}}}},"branchMap":{},"s":{"0":2,"1":2,"2":2,"3":2,"4":1,"5":1,"6":1},"f":{"0":2},"b":{}}
,"/app/functions/src/storage.ts": {"path":"/app/functions/src/storage.ts","statementMap":{"0":{"start":{"line":4,"column":0},"end":{"line":4,"column":7}},"1":{"start":{"line":1,"column":0},"end":{"line":1,"column":40}},"2":{"start":{"line":2,"column":0},"end":{"line":2,"column":32}},"3":{"start":{"line":8,"column":2},"end":{"line":16,"column":3}},"4":{"start":{"line":9,"column":19},"end":{"line":9,"column":63}},"5":{"start":{"line":10,"column":17},"end":{"line":10,"column":38}},"6":{"start":{"line":11,"column":4},"end":{"line":11,"column":32}},"7":{"start":{"line":12,"column":4},"end":{"line":12,"column":81}},"8":{"start":{"line":14,"column":4},"end":{"line":14,"column":61}},"9":{"start":{"line":15,"column":4},"end":{"line":15,"column":16}}},"fnMap":{"0":{"name":"uploadCsvToStorage","decl":{"start":{"line":4,"column":22},"end":{"line":4,"column":40}},"loc":{"start":{"line":6,"column":20},"end":{"line":17,"column":1}}}},"branchMap":{},"s":{"0":2,"1":2,"2":2,"3":2,"4":2,"5":2,"6":2,"7":1,"8":1,"9":1},"f":{"0":2},"b":{}}
}
