{"/app/functions/src/config.ts": {"path":"/app/functions/src/config.ts","statementMap":{"0":{"start":{"line":1,"column":13},"end":{"line":1,"column":103}}},"fnMap":{},"branchMap":{},"s":{"0":2},"f":{},"b":{}}
,"/app/functions/src/index.ts": {"path":"/app/functions/src/index.ts","statementMap":{"0":{"start":{"line":1,"column":0},"end":{"line":1,"column":48}},"1":{"start":{"line":2,"column":0},"end":{"line":2,"column":45}},"2":{"start":{"line":3,"column":0},"end":{"line":3,"column":43}},"3":{"start":{"line":4,"column":0},"end":{"line":4,"column":39}},"4":{"start":{"line":6,"column":13},"end":{"line":20,"column":7}},"5":{"start":{"line":9,"column":6},"end":{"line":9,"column":49}},"6":{"start":{"line":11,"column":6},"end":{"line":19,"column":null}},"7":{"start":{"line":12,"column":21},"end":{"line":12,"column":60}},"8":{"start":{"line":13,"column":8},"end":{"line":13,"column":72}},"9":{"start":{"line":15,"column":28},"end":{"line":15,"column":51}},"10":{"start":{"line":16,"column":8},"end":{"line":16,"column":56}},"11":{"start":{"line":18,"column":8},"end":{"line":18,"column":86}}},"fnMap":{"0":{"name":"(anonymous_0)","decl":{"start":{"line":8,"column":11},"end":{"line":8,"column":16}},"loc":{"start":{"line":8,"column":22},"end":{"line":20,"column":5}}}},"branchMap":{},"s":{"0":1,"1":1,"2":1,"3":1,"4":1,"5":2,"6":2,"7":2,"8":1,"9":1,"10":1,"11":1},"f":{"0":2},"b":{}}
,"/app/functions/src/parser.ts": {"path":"/app/functions/src/parser.ts","statementMap":{"0":{"start":{"line":2,"column":0},"end":{"line":2,"column":35}},"1":{"start":{"line":3,"column":0},"end":{"line":3,"column":24}},"2":{"start":{"line":5,"column":13},"end":{"line":10,"column":3}},"3":{"start":{"line":15,"column":33},"end":{"line":63,"column":1}},"4":{"start":{"line":16,"column":12},"end":{"line":16,"column":30}},"5":{"start":{"line":17,"column":32},"end":{"line":17,"column":34}},"6":{"start":{"line":21,"column":2},"end":{"line":27,"column":5}},"7":{"start":{"line":22,"column":18},"end":{"line":22,"column":33}},"8":{"start":{"line":23,"column":20},"end":{"line":23,"column":41}},"9":{"start":{"line":24,"column":4},"end":{"line":26,"column":null}},"10":{"start":{"line":25,"column":6},"end":{"line":25,"column":31}},"11":{"start":{"line":30,"column":2},"end":{"line":48,"column":null}},"12":{"start":{"line":31,"column":4},"end":{"line":47,"column":7}},"13":{"start":{"line":32,"column":22},"end":{"line":32,"column":39}},"14":{"start":{"line":34,"column":6},"end":{"line":46,"column":null}},"15":{"start":{"line":35,"column":21},"end":{"line":35,"column":48}},"16":{"start":{"line":36,"column":20},"end":{"line":36,"column":61}},"17":{"start":{"line":37,"column":27},"end":{"line":37,"column":54}},"18":{"start":{"line":38,"column":23},"end":{"line":38,"column":74}},"19":{"start":{"line":40,"column":8},"end":{"line":45,"column":11}},"20":{"start":{"line":50,"column":31},"end":{"line":59,"column":47}},"21":{"start":{"line":52,"column":31},"end":{"line":52,"column":69}},"22":{"start":{"line":53,"column":6},"end":{"line":56,"column":null}},"23":{"start":{"line":54,"column":8},"end":{"line":54,"column":109}},"24":{"start":{"line":55,"column":8},"end":{"line":55,"column":20}},"25":{"start":{"line":57,"column":6},"end":{"line":57,"column":35}},"26":{"start":{"line":59,"column":36},"end":{"line":59,"column":46}},"27":{"start":{"line":62,"column":2},"end":{"line":62,"column":30}},"28":{"start":{"line":15,"column":13},"end":{"line":15,"column":33}}},"fnMap":{"0":{"name":"(anonymous_0)","decl":{"start":{"line":15,"column":33},"end":{"line":15,"column":34}},"loc":{"start":{"line":15,"column":64},"end":{"line":63,"column":1}}},"1":{"name":"(anonymous_1)","decl":{"start":{"line":21,"column":28},"end":{"line":21,"column":29}},"loc":{"start":{"line":21,"column":48},"end":{"line":27,"column":3}}},"2":{"name":"(anonymous_2)","decl":{"start":{"line":31,"column":52},"end":{"line":31,"column":53}},"loc":{"start":{"line":31,"column":88},"end":{"line":47,"column":5}}},"3":{"name":"(anonymous_3)","decl":{"start":{"line":51,"column":9},"end":{"line":51,"column":10}},"loc":{"start":{"line":51,"column":24},"end":{"line":58,"column":5}}},"4":{"name":"(anonymous_4)","decl":{"start":{"line":59,"column":12},"end":{"line":59,"column":13}},"loc":{"start":{"line":59,"column":36},"end":{"line":59,"column":46}}}},"branchMap":{"0":{"loc":{"start":{"line":24,"column":4},"end":{"line":26,"column":null}},"type":"if","locations":[{"start":{"line":24,"column":4},"end":{"line":26,"column":null}},{"start":{},"end":{}}]},"1":{"loc":{"start":{"line":30,"column":2},"end":{"line":48,"column":null}},"type":"if","locations":[{"start":{"line":30,"column":2},"end":{"line":48,"column":null}},{"start":{},"end":{}}]},"2":{"loc":{"start":{"line":34,"column":6},"end":{"line":46,"column":null}},"type":"if","locations":[{"start":{"line":34,"column":6},"end":{"line":46,"column":null}},{"start":{},"end":{}}]},"3":{"loc":{"start":{"line":53,"column":6},"end":{"line":56,"column":null}},"type":"if","locations":[{"start":{"line":53,"column":6},"end":{"line":56,"column":null}},{"start":{},"end":{}}]}},"s":{"0":1,"1":1,"2":1,"3":1,"4":3,"5":3,"6":3,"7":8,"8":8,"9":8,"10":2,"11":3,"12":2,"13":26,"14":26,"15":25,"16":25,"17":25,"18":25,"19":25,"20":3,"21":25,"22":25,"23":1,"24":1,"25":24,"26":25,"27":3,"28":1},"f":{"0":3,"1":8,"2":26,"3":25,"4":25},"b":{"0":[2,6],"1":[2,1],"2":[25,1],"3":[1,24]}}
,"/app/functions/src/scraper.ts": {"path":"/app/functions/src/scraper.ts","statementMap":{"0":{"start":{"line":1,"column":0},"end":{"line":1,"column":26}},"1":{"start":{"line":4,"column":2},"end":{"line":15,"column":null}},"2":{"start":{"line":5,"column":21},"end":{"line":10,"column":6}},"3":{"start":{"line":11,"column":4},"end":{"line":11,"column":25}},"4":{"start":{"line":13,"column":4},"end":{"line":13,"column":61}},"5":{"start":{"line":14,"column":4},"end":{"line":14,"column":16}},"6":{"start":{"line":3,"column":0},"end":{"line":3,"column":7}}},"fnMap":{"0":{"name":"fetchWikipediaHTML","decl":{"start":{"line":3,"column":22},"end":{"line":3,"column":40}},"loc":{"start":{"line":3,"column":52},"end":{"line":16,"column":1}}}},"branchMap":{},"s":{"0":1,"1":2,"2":2,"3":1,"4":1,"5":1,"6":1},"f":{"0":2},"b":{}}
}
