TN:
SF:src/config.ts
FNF:0
FNH:0
DA:1,4
DA:3,4
DA:5,4
LF:3
LH:3
BRF:0
BRH:0
end_of_record
TN:
SF:src/csv.ts
FN:4,(anonymous_0)
FNF:1
FNH:1
FNDA:1,(anonymous_0)
DA:1,2
DA:4,2
DA:5,1
DA:9,1
LF:4
LH:4
BRF:0
BRH:0
end_of_record
TN:
SF:src/index.ts
FN:16,(anonymous_0)
FN:52,(anonymous_1)
FNF:2
FNH:2
FNDA:4,(anonymous_0)
FNDA:2,(anonymous_1)
DA:1,1
DA:2,1
DA:3,1
DA:4,1
DA:5,1
DA:6,1
DA:7,1
DA:9,1
DA:16,1
DA:17,4
DA:19,4
DA:20,4
DA:21,2
DA:23,2
DA:24,2
DA:26,2
DA:27,2
DA:29,2
DA:30,2
DA:32,2
DA:33,2
DA:37,1
DA:42,1
DA:52,1
DA:53,2
DA:54,2
DA:55,1
DA:57,1
DA:58,1
LF:29
LH:29
BRF:0
BRH:0
end_of_record
TN:
SF:src/parser.ts
FN:22,(anonymous_0)
FN:28,(anonymous_1)
FN:38,(anonymous_2)
FN:58,(anonymous_3)
FN:66,(anonymous_4)
FNF:5
FNH:5
FNDA:3,(anonymous_0)
FNDA:8,(anonymous_1)
FNDA:27,(anonymous_2)
FNDA:26,(anonymous_3)
FNDA:26,(anonymous_4)
DA:2,2
DA:3,2
DA:5,2
DA:22,2
DA:23,3
DA:24,3
DA:28,3
DA:29,8
DA:30,8
DA:31,8
DA:32,2
DA:37,3
DA:38,2
DA:39,27
DA:41,27
DA:42,26
DA:43,26
DA:44,26
DA:45,26
DA:47,26
DA:57,3
DA:59,26
DA:60,26
DA:61,2
DA:62,2
DA:64,24
DA:66,26
DA:69,3
LF:28
LH:28
BRDA:31,0,0,2
BRDA:37,1,0,2
BRDA:41,2,0,26
BRDA:43,3,0,26
BRDA:43,3,1,1
BRDA:60,4,0,2
BRF:6
BRH:6
end_of_record
TN:
SF:src/scraper.ts
FN:3,fetchWikipediaHTML
FNF:1
FNH:1
FNDA:2,fetchWikipediaHTML
DA:1,2
DA:3,2
DA:4,2
DA:5,2
DA:11,1
DA:13,1
DA:14,1
LF:7
LH:7
BRF:0
BRH:0
end_of_record
TN:
SF:src/storage.ts
FN:4,uploadCsvToStorage
FNF:1
FNH:1
FNDA:2,uploadCsvToStorage
DA:1,2
DA:2,2
DA:4,2
DA:8,2
DA:9,2
DA:10,2
DA:11,2
DA:12,1
DA:14,1
DA:15,1
LF:10
LH:10
BRF:0
BRH:0
end_of_record
