TN:
SF:src/config.ts
FNF:0
FNH:0
DA:1,2
LF:1
LH:1
BRF:0
BRH:0
end_of_record
TN:
SF:src/index.ts
FN:8,(anonymous_0)
FNF:1
FNH:1
FNDA:2,(anonymous_0)
DA:1,1
DA:2,1
DA:3,1
DA:4,1
DA:6,1
DA:9,2
DA:11,2
DA:12,2
DA:13,1
DA:15,1
DA:16,1
DA:18,1
LF:12
LH:12
BRF:0
BRH:0
end_of_record
TN:
SF:src/parser.ts
FN:15,(anonymous_0)
FN:21,(anonymous_1)
FN:31,(anonymous_2)
FN:51,(anonymous_3)
FN:59,(anonymous_4)
FNF:5
FNH:5
FNDA:3,(anonymous_0)
FNDA:8,(anonymous_1)
FNDA:26,(anonymous_2)
FNDA:25,(anonymous_3)
FNDA:25,(anonymous_4)
DA:2,1
DA:3,1
DA:5,1
DA:15,1
DA:16,3
DA:17,3
DA:21,3
DA:22,8
DA:23,8
DA:24,8
DA:25,2
DA:30,3
DA:31,2
DA:32,26
DA:34,26
DA:35,25
DA:36,25
DA:37,25
DA:38,25
DA:40,25
DA:50,3
DA:52,25
DA:53,25
DA:54,1
DA:55,1
DA:57,24
DA:59,25
DA:62,3
LF:28
LH:28
BRDA:24,0,0,2
BRDA:24,0,1,6
BRDA:30,1,0,2
BRDA:30,1,1,1
BRDA:34,2,0,25
BRDA:34,2,1,1
BRDA:53,3,0,1
BRDA:53,3,1,24
BRF:8
BRH:8
end_of_record
TN:
SF:src/scraper.ts
FN:3,fetchWikipediaHTML
FNF:1
FNH:1
FNDA:2,fetchWikipediaHTML
DA:1,1
DA:3,1
DA:4,2
DA:5,2
DA:11,1
DA:13,1
DA:14,1
LF:7
LH:7
BRF:0
BRH:0
end_of_record
